[debug] [2023-07-18T16:17:23.388Z] ----------------------------------------------------------------------
[debug] [2023-07-18T16:17:23.390Z] Command:       C:\Program Files\nodejs\node.exe C:\Users\hussa\AppData\Roaming\npm\node_modules\firebase-tools\lib\bin\firebase.js init
[debug] [2023-07-18T16:17:23.390Z] CLI Version:   12.4.4
[debug] [2023-07-18T16:17:23.391Z] Platform:      win32
[debug] [2023-07-18T16:17:23.391Z] Node Version:  v18.16.1
[debug] [2023-07-18T16:17:23.392Z] Time:          Tue Jul 18 2023 18:17:23 GMT+0200 (Eastern European Standard Time)
[debug] [2023-07-18T16:17:23.392Z] ----------------------------------------------------------------------
[debug] 
[debug] [2023-07-18T16:17:23.400Z] > command requires scopes: ["email","openid","https://www.googleapis.com/auth/cloudplatformprojects.readonly","https://www.googleapis.com/auth/firebase","https://www.googleapis.com/auth/cloud-platform"]
[debug] [2023-07-18T16:17:23.400Z] > authorizing via signed-in user (hussampc50@gmail.com)
[info] 
     ######## #### ########  ######## ########     ###     ######  ########
     ##        ##  ##     ## ##       ##     ##  ##   ##  ##       ##
     ######    ##  ########  ######   ########  #########  ######  ######
     ##        ##  ##    ##  ##       ##     ## ##     ##       ## ##
     ##       #### ##     ## ######## ########  ##     ##  ######  ########

You're about to initialize a Firebase project in this directory:

  C:\Users\hussa\OneDrive\Desktop\AngularApp\my-app

[info] 
=== Project Setup
[info] 
[info] First, let's associate this project directory with a Firebase project.
[info] You can create multiple project aliases by running firebase use --add, 
[info] but for now we'll just set up a default project.
[info] 
[debug] [2023-07-18T16:18:39.930Z] >>> [apiv2][query] GET https://firebase.googleapis.com/v1beta1/projects pageSize=100
[debug] [2023-07-18T16:18:40.683Z] <<< [apiv2][status] GET https://firebase.googleapis.com/v1beta1/projects 200
[debug] [2023-07-18T16:18:40.684Z] <<< [apiv2][body] GET https://firebase.googleapis.com/v1beta1/projects [omitted]
[info] i  Using project angular-recipes-project-f7421 (angular-recipes-project) 
[info] 
=== Hosting Setup
[info] 
[info] Your public directory is the folder (relative to your project directory) that
[info] will contain Hosting assets to be uploaded with firebase deploy. If you
[info] have a build process for your assets, use your build's output directory.
[info] 
